# JRE version: OpenJDK Runtime Environment (17.0.6) (build 17.0.6+0-b2043.56-9586694)
# Java VM: OpenJDK 64-Bit Server VM (17.0.6+0-b2043.56-9586694, mixed mode, tiered, compressed oops, compressed class ptrs, g1 gc, windows-amd64)
GC Precious Log:
 CPUs: 4 total, 4 available
 Memory: 3967M
 Large Page Support: Disabled
 NUMA Support: Disabled
 Compressed Oops: Enabled (Zero based)
 Heap Region Size: 2M
 Heap Min Capacity: 8M
 Heap Initial Capacity: 62M
 Heap Max Capacity: 4G
 Pre-touch: Disabled
 Parallel Workers: 4
 Concurrent Workers: 1
 Concurrent Refinement Workers: 4
 Periodic GC: Disabled
Heap:
 garbage-first heap   total 583680K, used 283193K [0x0000000700000000, 0x0000000800000000)
  region size 2048K, 5 young (10240K), 5 survivors (10240K)
 Metaspace       used 189394K, committed 190720K, reserved 1220608K
  class space    used 24516K, committed 25152K, reserved 1048576K
GC Heap History (20 events):
Event: 312.686 GC heap after
{Heap after GC invocations=70 (full 0):
 garbage-first heap   total 532480K, used 159452K [0x0000000700000000, 0x0000000800000000)
  region size 2048K, 2 young (4096K), 2 survivors (4096K)
 Metaspace       used 142848K, committed 143936K, reserved 1179648K
  class space    used 18812K, committed 19328K, reserved 1048576K
}
Event: 313.964 GC heap before
{Heap before GC invocations=70 (full 0):
 garbage-first heap   total 532480K, used 194268K [0x0000000700000000, 0x0000000800000000)
  region size 2048K, 21 young (43008K), 2 survivors (4096K)
 Metaspace       used 145896K, committed 147008K, reserved 1179648K
  class space    used 19095K, committed 19584K, reserved 1048576K
}
Event: 313.972 GC heap after
{Heap after GC invocations=71 (full 0):
 garbage-first heap   total 532480K, used 157395K [0x0000000700000000, 0x0000000800000000)
  region size 2048K, 1 young (2048K), 1 survivors (2048K)
 Metaspace       used 145896K, committed 147008K, reserved 1179648K
  class space    used 19095K, committed 19584K, reserved 1048576K
}
Event: 330.646 GC heap before
{Heap before GC invocations=72 (full 0):
 garbage-first heap   total 532480K, used 515795K [0x0000000700000000, 0x0000000800000000)
  region size 2048K, 52 young (106496K), 1 survivors (2048K)
 Metaspace       used 148343K, committed 149504K, reserved 1179648K
  class space    used 19360K, committed 19840K, reserved 1048576K
}
Event: 330.667 GC heap after
{Heap after GC invocations=73 (full 0):
 garbage-first heap   total 532480K, used 159715K [0x0000000700000000, 0x0000000800000000)
  region size 2048K, 3 young (6144K), 3 survivors (6144K)
 Metaspace       used 148343K, committed 149504K, reserved 1179648K
  class space    used 19360K, committed 19840K, reserved 1048576K
}
Event: 331.090 GC heap before
{Heap before GC invocations=73 (full 0):
 garbage-first heap   total 532480K, used 182243K [0x0000000700000000, 0x0000000800000000)
  region size 2048K, 13 young (26624K), 3 survivors (6144K)
 Metaspace       used 150928K, committed 152128K, reserved 1187840K
  class space    used 19530K, committed 20096K, reserved 1048576K
}
Event: 331.113 GC heap after
{Heap after GC invocations=74 (full 0):
 garbage-first heap   total 532480K, used 160816K [0x0000000700000000, 0x0000000800000000)
  region size 2048K, 2 young (4096K), 2 survivors (4096K)
 Metaspace       used 150928K, committed 152128K, reserved 1187840K
  class space    used 19530K, committed 20096K, reserved 1048576K
}
Event: 348.921 GC heap before
{Heap before GC invocations=74 (full 0):
 garbage-first heap   total 532480K, used 267312K [0x0000000700000000, 0x0000000800000000)
  region size 2048K, 56 young (114688K), 2 survivors (4096K)
 Metaspace       used 155643K, committed 156928K, reserved 1187840K
  class space    used 20088K, committed 20672K, reserved 1048576K
}
Event: 348.945 GC heap after
{Heap after GC invocations=75 (full 0):
 garbage-first heap   total 532480K, used 164992K [0x0000000700000000, 0x0000000800000000)
  region size 2048K, 4 young (8192K), 4 survivors (8192K)
 Metaspace       used 155643K, committed 156928K, reserved 1187840K
  class space    used 20088K, committed 20672K, reserved 1048576K
}
Event: 359.290 GC heap before
{Heap before GC invocations=76 (full 0):
 garbage-first heap   total 532480K, used 466048K [0x0000000700000000, 0x0000000800000000)
  region size 2048K, 140 young (286720K), 4 survivors (8192K)
 Metaspace       used 172989K, committed 174272K, reserved 1204224K
  class space    used 22057K, committed 22656K, reserved 1048576K
}
Event: 359.332 GC heap after
{Heap after GC invocations=77 (full 0):
 garbage-first heap   total 532480K, used 202813K [0x0000000700000000, 0x0000000800000000)
  region size 2048K, 14 young (28672K), 14 survivors (28672K)
 Metaspace       used 172989K, committed 174272K, reserved 1204224K
  class space    used 22057K, committed 22656K, reserved 1048576K
}
Event: 360.044 GC heap before
{Heap before GC invocations=77 (full 0):
 garbage-first heap   total 532480K, used 204861K [0x0000000700000000, 0x0000000800000000)
  region size 2048K, 15 young (30720K), 14 survivors (28672K)
 Metaspace       used 173679K, committed 174976K, reserved 1204224K
  class space    used 22142K, committed 22720K, reserved 1048576K
}
Event: 360.106 GC heap after
{Heap after GC invocations=78 (full 0):
 garbage-first heap   total 532480K, used 200423K [0x0000000700000000, 0x0000000800000000)
  region size 2048K, 2 young (4096K), 2 survivors (4096K)
 Metaspace       used 173679K, committed 174976K, reserved 1204224K
  class space    used 22142K, committed 22720K, reserved 1048576K
}
Event: 367.143 GC heap before
{Heap before GC invocations=78 (full 0):
 garbage-first heap   total 532480K, used 435943K [0x0000000700000000, 0x0000000800000000)
  region size 2048K, 118 young (241664K), 2 survivors (4096K)
 Metaspace       used 179971K, committed 181376K, reserved 1212416K
  class space    used 22840K, committed 23488K, reserved 1048576K
}
Event: 367.265 GC heap after
{Heap after GC invocations=79 (full 0):
 garbage-first heap   total 532480K, used 246450K [0x0000000700000000, 0x0000000800000000)
  region size 2048K, 15 young (30720K), 15 survivors (30720K)
 Metaspace       used 179971K, committed 181376K, reserved 1212416K
  class space    used 22840K, committed 23488K, reserved 1048576K
}
Event: 372.567 GC heap before
{Heap before GC invocations=80 (full 0):
 garbage-first heap   total 532480K, used 414386K [0x0000000700000000, 0x0000000800000000)
  region size 2048K, 100 young (204800K), 15 survivors (30720K)
 Metaspace       used 187386K, committed 188736K, reserved 1220608K
  class space    used 24200K, committed 24832K, reserved 1048576K
}
Event: 372.694 GC heap after
{Heap after GC invocations=81 (full 0):
 garbage-first heap   total 532480K, used 274027K [0x0000000700000000, 0x0000000800000000)
  region size 2048K, 13 young (26624K), 13 survivors (26624K)
 Metaspace       used 187386K, committed 188736K, reserved 1220608K
  class space    used 24200K, committed 24832K, reserved 1048576K
}
Event: 372.724 GC heap before
{Heap before GC invocations=81 (full 0):
 garbage-first heap   total 532480K, used 276075K [0x0000000700000000, 0x0000000800000000)
  region size 2048K, 14 young (28672K), 13 survivors (26624K)
 Metaspace       used 187544K, committed 188864K, reserved 1220608K
  class space    used 24277K, committed 24896K, reserved 1048576K
}
Event: 372.822 GC heap after
{Heap after GC invocations=82 (full 0):
 garbage-first heap   total 532480K, used 278148K [0x0000000700000000, 0x0000000800000000)
  region size 2048K, 2 young (4096K), 2 survivors (4096K)
 Metaspace       used 187544K, committed 188864K, reserved 1220608K
  class space    used 24277K, committed 24896K, reserved 1048576K
}
Event: 373.602 GC heap before
{Heap before GC invocations=82 (full 0):
 garbage-first heap   total 532480K, used 312964K [0x0000000700000000, 0x0000000800000000)
  region size 2048K, 21 young (43008K), 2 survivors (4096K)
 Metaspace       used 189394K, committed 190720K, reserved 1220608K
  class space    used 24516K, committed 25152K, reserved 1048576K
}

